<?xml version="1.0" encoding="UTF-8"?>
<coverage generated="1695626703609" clover="3.2.0">
  <project timestamp="1695626703609" name="All files">
    <metrics statements="39" coveredstatements="29" conditionals="0" coveredconditionals="0" methods="13" coveredmethods="4" elements="52" coveredelements="33" complexity="0" loc="39" ncloc="39" packages="3" files="6" classes="6"/>
    <package name="database.mongo.schemas">
      <metrics statements="11" coveredstatements="11" conditionals="0" coveredconditionals="0" methods="0" coveredmethods="0"/>
      <file name="DNA.schema.ts" path="C:\Users\DexterX25\Documents\Software\proyectDexterx25\dna_qualification_and_statits\src\database\mongo\schemas\DNA.schema.ts">
        <metrics statements="4" coveredstatements="4" conditionals="0" coveredconditionals="0" methods="0" coveredmethods="0"/>
        <line num="1" count="1" type="stmt"/>
        <line num="7" count="1" type="stmt"/>
        <line num="11" count="1" type="stmt"/>
        <line num="18" count="1" type="stmt"/>
      </file>
      <file name="Stats.schema.ts" path="C:\Users\DexterX25\Documents\Software\proyectDexterx25\dna_qualification_and_statits\src\database\mongo\schemas\Stats.schema.ts">
        <metrics statements="7" coveredstatements="7" conditionals="0" coveredconditionals="0" methods="0" coveredmethods="0"/>
        <line num="1" count="1" type="stmt"/>
        <line num="6" count="1" type="stmt"/>
        <line num="8" count="1" type="stmt"/>
        <line num="11" count="1" type="stmt"/>
        <line num="14" count="1" type="stmt"/>
        <line num="17" count="1" type="stmt"/>
        <line num="24" count="1" type="stmt"/>
      </file>
    </package>
    <package name="database.repositoriesMongoDB">
      <metrics statements="22" coveredstatements="13" conditionals="0" coveredconditionals="0" methods="10" coveredmethods="2"/>
      <file name="index.ts" path="C:\Users\DexterX25\Documents\Software\proyectDexterx25\dna_qualification_and_statits\src\database\repositoriesMongoDB\index.ts">
        <metrics statements="2" coveredstatements="2" conditionals="0" coveredconditionals="0" methods="0" coveredmethods="0"/>
        <line num="1" count="1" type="stmt"/>
        <line num="2" count="1" type="stmt"/>
      </file>
      <file name="sequencedns-mongo.repository.ts" path="C:\Users\DexterX25\Documents\Software\proyectDexterx25\dna_qualification_and_statits\src\database\repositoriesMongoDB\sequencedns-mongo.repository.ts">
        <metrics statements="11" coveredstatements="7" conditionals="0" coveredconditionals="0" methods="6" coveredmethods="2"/>
        <line num="1" count="1" type="stmt"/>
        <line num="2" count="1" type="stmt"/>
        <line num="3" count="1" type="stmt"/>
        <line num="8" count="1" type="stmt"/>
        <line num="9" count="1" type="stmt"/>
        <line num="12" count="1" type="stmt"/>
        <line num="13" count="1" type="stmt"/>
        <line num="17" count="0" type="stmt"/>
        <line num="21" count="0" type="stmt"/>
        <line num="24" count="0" type="stmt"/>
        <line num="28" count="0" type="stmt"/>
      </file>
      <file name="stats-mongo.repository.ts" path="C:\Users\DexterX25\Documents\Software\proyectDexterx25\dna_qualification_and_statits\src\database\repositoriesMongoDB\stats-mongo.repository.ts">
        <metrics statements="9" coveredstatements="4" conditionals="0" coveredconditionals="0" methods="4" coveredmethods="0"/>
        <line num="1" count="1" type="stmt"/>
        <line num="2" count="1" type="stmt"/>
        <line num="3" count="1" type="stmt"/>
        <line num="8" count="1" type="stmt"/>
        <line num="9" count="0" type="stmt"/>
        <line num="13" count="0" type="stmt"/>
        <line num="14" count="0" type="stmt"/>
        <line num="21" count="0" type="stmt"/>
        <line num="25" count="0" type="stmt"/>
      </file>
    </package>
    <package name="routes.recluter">
      <metrics statements="6" coveredstatements="5" conditionals="0" coveredconditionals="0" methods="3" coveredmethods="2"/>
      <file name="recluter.service.ts" path="C:\Users\DexterX25\Documents\Software\proyectDexterx25\dna_qualification_and_statits\src\routes\recluter\recluter.service.ts">
        <metrics statements="6" coveredstatements="5" conditionals="0" coveredconditionals="0" methods="3" coveredmethods="2"/>
        <line num="1" count="1" type="stmt"/>
        <line num="4" count="1" type="stmt"/>
        <line num="9" count="1" type="stmt"/>
        <line num="11" count="1" type="stmt"/>
        <line num="27" count="1" type="stmt"/>
        <line num="33" count="0" type="stmt"/>
      </file>
    </package>
  </project>
</coverage>
