{"C:\\Users\\DexterX25\\Documents\\Software\\proyectDexterx25\\dna_qualification_and_statits\\src\\database\\mongo\\schemas\\DNA.schema.ts": {"path":"C:\\Users\\DexterX25\\Documents\\Software\\proyectDexterx25\\dna_qualification_and_statits\\src\\database\\mongo\\schemas\\DNA.schema.ts","statementMap":{"0":{"start":{"line":1,"column":0},"end":{"line":1,"column":63}},"1":{"start":{"line":7,"column":0},"end":{"line":13,"column":null}},"2":{"start":{"line":11,"column":4},"end":{"line":11,"column":null}},"3":{"start":{"line":7,"column":13},"end":{"line":13,"column":null}},"4":{"start":{"line":7,"column":13},"end":{"line":7,"column":29}},"5":{"start":{"line":18,"column":13},"end":{"line":18,"column":80}}},"fnMap":{},"branchMap":{},"s":{"0":1,"1":1,"2":1,"3":1,"4":1,"5":1},"f":{},"b":{}}
,"C:\\Users\\DexterX25\\Documents\\Software\\proyectDexterx25\\dna_qualification_and_statits\\src\\database\\mongo\\schemas\\Stats.schema.ts": {"path":"C:\\Users\\DexterX25\\Documents\\Software\\proyectDexterx25\\dna_qualification_and_statits\\src\\database\\mongo\\schemas\\Stats.schema.ts","statementMap":{"0":{"start":{"line":1,"column":0},"end":{"line":1,"column":63}},"1":{"start":{"line":6,"column":0},"end":{"line":19,"column":null}},"2":{"start":{"line":8,"column":4},"end":{"line":8,"column":null}},"3":{"start":{"line":11,"column":4},"end":{"line":11,"column":null}},"4":{"start":{"line":14,"column":4},"end":{"line":14,"column":null}},"5":{"start":{"line":17,"column":4},"end":{"line":17,"column":null}},"6":{"start":{"line":6,"column":13},"end":{"line":19,"column":null}},"7":{"start":{"line":6,"column":13},"end":{"line":6,"column":32}},"8":{"start":{"line":24,"column":13},"end":{"line":24,"column":86}}},"fnMap":{},"branchMap":{},"s":{"0":1,"1":1,"2":1,"3":1,"4":1,"5":1,"6":1,"7":1,"8":1},"f":{},"b":{}}
,"C:\\Users\\DexterX25\\Documents\\Software\\proyectDexterx25\\dna_qualification_and_statits\\src\\database\\repositoriesMongoDB\\index.ts": {"path":"C:\\Users\\DexterX25\\Documents\\Software\\proyectDexterx25\\dna_qualification_and_statits\\src\\database\\repositoriesMongoDB\\index.ts","statementMap":{"0":{"start":{"line":1,"column":0},"end":{"line":1,"column":46}},"1":{"start":{"line":2,"column":0},"end":{"line":2,"column":40}}},"fnMap":{},"branchMap":{},"s":{"0":1,"1":1},"f":{},"b":{}}
,"C:\\Users\\DexterX25\\Documents\\Software\\proyectDexterx25\\dna_qualification_and_statits\\src\\database\\repositoriesMongoDB\\sequencedns-mongo.repository.ts": {"path":"C:\\Users\\DexterX25\\Documents\\Software\\proyectDexterx25\\dna_qualification_and_statits\\src\\database\\repositoriesMongoDB\\sequencedns-mongo.repository.ts","statementMap":{"0":{"start":{"line":1,"column":0},"end":{"line":1,"column":44}},"1":{"start":{"line":2,"column":0},"end":{"line":2,"column":47}},"2":{"start":{"line":3,"column":0},"end":{"line":3,"column":101}},"3":{"start":{"line":8,"column":0},"end":{"line":31,"column":null}},"4":{"start":{"line":9,"column":67},"end":{"line":9,"column":93}},"5":{"start":{"line":12,"column":24},"end":{"line":12,"column":56}},"6":{"start":{"line":13,"column":4},"end":{"line":13,"column":null}},"7":{"start":{"line":17,"column":4},"end":{"line":17,"column":39}},"8":{"start":{"line":21,"column":4},"end":{"line":21,"column":45}},"9":{"start":{"line":24,"column":4},"end":{"line":24,"column":47}},"10":{"start":{"line":28,"column":4},"end":{"line":28,"column":51}},"11":{"start":{"line":8,"column":13},"end":{"line":31,"column":null}},"12":{"start":{"line":8,"column":13},"end":{"line":8,"column":39}}},"fnMap":{"0":{"name":"(anonymous_4)","decl":{"start":{"line":9,"column":2},"end":{"line":9,"column":15}},"loc":{"start":{"line":9,"column":93},"end":{"line":9,"column":97}}},"1":{"name":"(anonymous_5)","decl":{"start":{"line":11,"column":2},"end":{"line":11,"column":7}},"loc":{"start":{"line":11,"column":38},"end":{"line":14,"column":3}}},"2":{"name":"(anonymous_6)","decl":{"start":{"line":16,"column":2},"end":{"line":16,"column":7}},"loc":{"start":{"line":16,"column":15},"end":{"line":18,"column":3}}},"3":{"name":"(anonymous_7)","decl":{"start":{"line":20,"column":2},"end":{"line":20,"column":7}},"loc":{"start":{"line":20,"column":27},"end":{"line":22,"column":3}}},"4":{"name":"(anonymous_8)","decl":{"start":{"line":23,"column":2},"end":{"line":23,"column":7}},"loc":{"start":{"line":23,"column":45},"end":{"line":25,"column":3}}},"5":{"name":"(anonymous_9)","decl":{"start":{"line":27,"column":2},"end":{"line":27,"column":7}},"loc":{"start":{"line":27,"column":64},"end":{"line":29,"column":3}}}},"branchMap":{},"s":{"0":1,"1":1,"2":1,"3":1,"4":1,"5":1,"6":1,"7":0,"8":0,"9":0,"10":0,"11":1,"12":1},"f":{"0":1,"1":1,"2":0,"3":0,"4":0,"5":0},"b":{}}
,"C:\\Users\\DexterX25\\Documents\\Software\\proyectDexterx25\\dna_qualification_and_statits\\src\\database\\repositoriesMongoDB\\stats-mongo.repository.ts": {"path":"C:\\Users\\DexterX25\\Documents\\Software\\proyectDexterx25\\dna_qualification_and_statits\\src\\database\\repositoriesMongoDB\\stats-mongo.repository.ts","statementMap":{"0":{"start":{"line":1,"column":0},"end":{"line":1,"column":44}},"1":{"start":{"line":2,"column":0},"end":{"line":2,"column":47}},"2":{"start":{"line":3,"column":0},"end":{"line":3,"column":112}},"3":{"start":{"line":8,"column":0},"end":{"line":28,"column":null}},"4":{"start":{"line":9,"column":70},"end":{"line":9,"column":100}},"5":{"start":{"line":13,"column":24},"end":{"line":13,"column":57}},"6":{"start":{"line":14,"column":4},"end":{"line":14,"column":null}},"7":{"start":{"line":21,"column":4},"end":{"line":21,"column":81}},"8":{"start":{"line":25,"column":4},"end":{"line":25,"column":52}},"9":{"start":{"line":8,"column":13},"end":{"line":28,"column":null}},"10":{"start":{"line":8,"column":13},"end":{"line":8,"column":34}}},"fnMap":{"0":{"name":"(anonymous_4)","decl":{"start":{"line":9,"column":2},"end":{"line":9,"column":15}},"loc":{"start":{"line":9,"column":100},"end":{"line":9,"column":104}}},"1":{"name":"(anonymous_5)","decl":{"start":{"line":11,"column":2},"end":{"line":11,"column":7}},"loc":{"start":{"line":11,"column":49},"end":{"line":15,"column":3}}},"2":{"name":"(anonymous_6)","decl":{"start":{"line":17,"column":2},"end":{"line":17,"column":7}},"loc":{"start":{"line":19,"column":16},"end":{"line":22,"column":1}}},"3":{"name":"(anonymous_7)","decl":{"start":{"line":24,"column":2},"end":{"line":24,"column":7}},"loc":{"start":{"line":24,"column":67},"end":{"line":26,"column":3}}}},"branchMap":{},"s":{"0":1,"1":1,"2":1,"3":1,"4":0,"5":0,"6":0,"7":0,"8":0,"9":1,"10":1},"f":{"0":0,"1":0,"2":0,"3":0},"b":{}}
,"C:\\Users\\DexterX25\\Documents\\Software\\proyectDexterx25\\dna_qualification_and_statits\\src\\routes\\recluter\\recluter.service.ts": {"path":"C:\\Users\\DexterX25\\Documents\\Software\\proyectDexterx25\\dna_qualification_and_statits\\src\\routes\\recluter\\recluter.service.ts","statementMap":{"0":{"start":{"line":1,"column":0},"end":{"line":1,"column":44}},"1":{"start":{"line":4,"column":0},"end":{"line":4,"column":75}},"2":{"start":{"line":9,"column":0},"end":{"line":35,"column":2}},"3":{"start":{"line":11,"column":21},"end":{"line":11,"column":41}},"4":{"start":{"line":27,"column":5},"end":{"line":27,"column":null}},"5":{"start":{"line":33,"column":3},"end":{"line":33,"column":null}},"6":{"start":{"line":9,"column":13},"end":{"line":35,"column":2}},"7":{"start":{"line":9,"column":13},"end":{"line":9,"column":28}}},"fnMap":{"0":{"name":"(anonymous_2)","decl":{"start":{"line":10,"column":2},"end":{"line":10,"column":null}},"loc":{"start":{"line":11,"column":67},"end":{"line":12,"column":6}}},"1":{"name":"(anonymous_3)","decl":{"start":{"line":24,"column":9},"end":{"line":24,"column":14}},"loc":{"start":{"line":25,"column":22},"end":{"line":28,"column":2}}},"2":{"name":"(anonymous_4)","decl":{"start":{"line":30,"column":8},"end":{"line":30,"column":13}},"loc":{"start":{"line":31,"column":19},"end":{"line":34,"column":2}}}},"branchMap":{},"s":{"0":1,"1":1,"2":1,"3":1,"4":1,"5":0,"6":1,"7":1},"f":{"0":1,"1":1,"2":0},"b":{}}
}
