TN:
SF:src\database\mongo\schemas\DNA.schema.ts
FNF:0
FNH:0
DA:1,1
DA:7,1
DA:11,1
DA:18,1
LF:4
LH:4
BRF:0
BRH:0
end_of_record
TN:
SF:src\database\mongo\schemas\Stats.schema.ts
FNF:0
FNH:0
DA:1,1
DA:6,1
DA:8,1
DA:11,1
DA:14,1
DA:17,1
DA:24,1
LF:7
LH:7
BRF:0
BRH:0
end_of_record
TN:
SF:src\database\repositoriesMongoDB\index.ts
FNF:0
FNH:0
DA:1,1
DA:2,1
LF:2
LH:2
BRF:0
BRH:0
end_of_record
TN:
SF:src\database\repositoriesMongoDB\sequencedns-mongo.repository.ts
FN:9,(anonymous_4)
FN:11,(anonymous_5)
FN:16,(anonymous_6)
FN:20,(anonymous_7)
FN:23,(anonymous_8)
FN:27,(anonymous_9)
FNF:6
FNH:2
FNDA:1,(anonymous_4)
FNDA:1,(anonymous_5)
FNDA:0,(anonymous_6)
FNDA:0,(anonymous_7)
FNDA:0,(anonymous_8)
FNDA:0,(anonymous_9)
DA:1,1
DA:2,1
DA:3,1
DA:8,1
DA:9,1
DA:12,1
DA:13,1
DA:17,0
DA:21,0
DA:24,0
DA:28,0
LF:11
LH:7
BRF:0
BRH:0
end_of_record
TN:
SF:src\database\repositoriesMongoDB\stats-mongo.repository.ts
FN:9,(anonymous_4)
FN:11,(anonymous_5)
FN:17,(anonymous_6)
FN:24,(anonymous_7)
FNF:4
FNH:0
FNDA:0,(anonymous_4)
FNDA:0,(anonymous_5)
FNDA:0,(anonymous_6)
FNDA:0,(anonymous_7)
DA:1,1
DA:2,1
DA:3,1
DA:8,1
DA:9,0
DA:13,0
DA:14,0
DA:21,0
DA:25,0
LF:9
LH:4
BRF:0
BRH:0
end_of_record
TN:
SF:src\routes\recluter\recluter.service.ts
FN:10,(anonymous_2)
FN:24,(anonymous_3)
FN:30,(anonymous_4)
FNF:3
FNH:2
FNDA:1,(anonymous_2)
FNDA:1,(anonymous_3)
FNDA:0,(anonymous_4)
DA:1,1
DA:4,1
DA:9,1
DA:11,1
DA:27,1
DA:33,0
LF:6
LH:5
BRF:0
BRH:0
end_of_record
